{"timestamp":"2025-11-05T11:13:35.138069Z","level":"info","event":"DAG bundles loaded: dags-folder, example_dags","logger":"airflow.dag_processing.bundles.manager.DagBundlesManager","filename":"manager.py","lineno":179}
{"timestamp":"2025-11-05T11:13:35.140059Z","level":"info","event":"Filling up the DagBag from /opt/airflow/dags/etl_dag.py","logger":"airflow.models.dagbag.DagBag","filename":"dagbag.py","lineno":593}
{"timestamp":"2025-11-05T11:13:35.194366Z","level":"warning","event":"The `airflow.operators.python.PythonOperator` attribute is deprecated. Please use `'airflow.providers.standard.operators.python.PythonOperator'`.","category":"DeprecatedImportWarning","filename":"/opt/airflow/dags/etl_dag.py","lineno":2,"logger":"py.warnings"}
{"timestamp":"2025-11-05T11:13:35.263028Z","level":"info","event":"Task instance is in running state","logger":"task.stdout"}
{"timestamp":"2025-11-05T11:13:35.265123Z","level":"info","event":" Previous state of the Task instance: TaskInstanceState.QUEUED","logger":"task.stdout"}
{"timestamp":"2025-11-05T11:13:35.265720Z","level":"info","event":"Current task name:load","logger":"task.stdout"}
{"timestamp":"2025-11-05T11:13:35.266338Z","level":"info","event":"Dag name:etl_pipeline","logger":"task.stdout"}
{"timestamp":"2025-11-05T11:13:35.349611Z","level":"info","event":"Done. Returned value was: None","logger":"airflow.task.operators.airflow.providers.standard.operators.python.PythonOperator","filename":"python.py","lineno":218}
{"timestamp":"2025-11-05T11:13:35.385165Z","level":"info","event":"Task instance in success state","logger":"task.stdout"}
{"timestamp":"2025-11-05T11:13:35.385815Z","level":"info","event":" Previous state of the Task instance: TaskInstanceState.RUNNING","logger":"task.stdout"}
{"timestamp":"2025-11-05T11:13:35.386494Z","level":"info","event":"Task operator:<Task(PythonOperator): load>","logger":"task.stdout"}
{"timestamp":"2025-11-05T17:46:26.708874Z","level":"info","event":"DAG bundles loaded: dags-folder, example_dags","logger":"airflow.dag_processing.bundles.manager.DagBundlesManager","filename":"manager.py","lineno":179}
{"timestamp":"2025-11-05T17:46:26.715943Z","level":"info","event":"Filling up the DagBag from /opt/airflow/dags/etl_dag.py","logger":"airflow.models.dagbag.DagBag","filename":"dagbag.py","lineno":593}
{"timestamp":"2025-11-05T17:46:26.790940Z","level":"warning","event":"The `airflow.operators.python.PythonOperator` attribute is deprecated. Please use `'airflow.providers.standard.operators.python.PythonOperator'`.","category":"DeprecatedImportWarning","filename":"/opt/airflow/dags/etl_dag.py","lineno":2,"logger":"py.warnings"}
{"timestamp":"2025-11-05T17:46:26.844838Z","level":"info","event":"Task instance is in running state","logger":"task.stdout"}
{"timestamp":"2025-11-05T17:46:26.845275Z","level":"info","event":" Previous state of the Task instance: TaskInstanceState.QUEUED","logger":"task.stdout"}
{"timestamp":"2025-11-05T17:46:26.845779Z","level":"info","event":"Current task name:load","logger":"task.stdout"}
{"timestamp":"2025-11-05T17:46:26.846057Z","level":"info","event":"Dag name:etl_pipeline","logger":"task.stdout"}
{"timestamp":"2025-11-05T17:46:26.951407Z","level":"info","event":"Done. Returned value was: None","logger":"airflow.task.operators.airflow.providers.standard.operators.python.PythonOperator","filename":"python.py","lineno":218}
{"timestamp":"2025-11-05T17:46:26.993526Z","level":"info","event":"Task instance in success state","logger":"task.stdout"}
{"timestamp":"2025-11-05T17:46:26.994020Z","level":"info","event":" Previous state of the Task instance: TaskInstanceState.RUNNING","logger":"task.stdout"}
{"timestamp":"2025-11-05T17:46:26.994574Z","level":"info","event":"Task operator:<Task(PythonOperator): load>","logger":"task.stdout"}
