{"timestamp":"2025-11-05T11:13:35.148695Z","level":"info","event":"DAG bundles loaded: dags-folder, example_dags","logger":"airflow.dag_processing.bundles.manager.DagBundlesManager","filename":"manager.py","lineno":179}
{"timestamp":"2025-11-05T11:13:35.150410Z","level":"info","event":"Filling up the DagBag from /opt/airflow/dags/etl_dag.py","logger":"airflow.models.dagbag.DagBag","filename":"dagbag.py","lineno":593}
{"timestamp":"2025-11-05T11:13:35.194380Z","level":"warning","event":"The `airflow.operators.python.PythonOperator` attribute is deprecated. Please use `'airflow.providers.standard.operators.python.PythonOperator'`.","category":"DeprecatedImportWarning","filename":"/opt/airflow/dags/etl_dag.py","lineno":2,"logger":"py.warnings"}
{"timestamp":"2025-11-05T11:13:35.258559Z","level":"info","event":"Task instance is in running state","logger":"task.stdout"}
{"timestamp":"2025-11-05T11:13:35.259241Z","level":"info","event":" Previous state of the Task instance: TaskInstanceState.QUEUED","logger":"task.stdout"}
{"timestamp":"2025-11-05T11:13:35.265070Z","level":"info","event":"Current task name:load","logger":"task.stdout"}
{"timestamp":"2025-11-05T11:13:35.265711Z","level":"info","event":"Dag name:etl_pipeline","logger":"task.stdout"}
{"timestamp":"2025-11-05T11:13:35.341395Z","level":"info","event":"Done. Returned value was: None","logger":"airflow.task.operators.airflow.providers.standard.operators.python.PythonOperator","filename":"python.py","lineno":218}
{"timestamp":"2025-11-05T11:13:35.385155Z","level":"info","event":"Task instance in success state","logger":"task.stdout"}
{"timestamp":"2025-11-05T11:13:35.385808Z","level":"info","event":" Previous state of the Task instance: TaskInstanceState.RUNNING","logger":"task.stdout"}
{"timestamp":"2025-11-05T11:13:35.386513Z","level":"info","event":"Task operator:<Task(PythonOperator): load>","logger":"task.stdout"}
{"timestamp":"2025-11-05T17:46:26.679242Z","level":"info","event":"DAG bundles loaded: dags-folder, example_dags","logger":"airflow.dag_processing.bundles.manager.DagBundlesManager","filename":"manager.py","lineno":179}
{"timestamp":"2025-11-05T17:46:26.687173Z","level":"info","event":"Filling up the DagBag from /opt/airflow/dags/etl_dag.py","logger":"airflow.models.dagbag.DagBag","filename":"dagbag.py","lineno":593}
{"timestamp":"2025-11-05T17:46:26.739352Z","level":"warning","event":"The `airflow.operators.python.PythonOperator` attribute is deprecated. Please use `'airflow.providers.standard.operators.python.PythonOperator'`.","category":"DeprecatedImportWarning","filename":"/opt/airflow/dags/etl_dag.py","lineno":2,"logger":"py.warnings"}
{"timestamp":"2025-11-05T17:46:26.786704Z","level":"info","event":"Task instance is in running state","logger":"task.stdout"}
{"timestamp":"2025-11-05T17:46:26.787386Z","level":"info","event":" Previous state of the Task instance: TaskInstanceState.QUEUED","logger":"task.stdout"}
{"timestamp":"2025-11-05T17:46:26.788300Z","level":"info","event":"Current task name:load","logger":"task.stdout"}
{"timestamp":"2025-11-05T17:46:26.788827Z","level":"info","event":"Dag name:etl_pipeline","logger":"task.stdout"}
{"timestamp":"2025-11-05T17:46:26.950613Z","level":"info","event":"Done. Returned value was: None","logger":"airflow.task.operators.airflow.providers.standard.operators.python.PythonOperator","filename":"python.py","lineno":218}
{"timestamp":"2025-11-05T17:46:26.991202Z","level":"info","event":"Task instance in success state","logger":"task.stdout"}
{"timestamp":"2025-11-05T17:46:26.992626Z","level":"info","event":" Previous state of the Task instance: TaskInstanceState.RUNNING","logger":"task.stdout"}
{"timestamp":"2025-11-05T17:46:26.993273Z","level":"info","event":"Task operator:<Task(PythonOperator): load>","logger":"task.stdout"}
