{"timestamp":"2025-11-05T17:46:25.409107Z","level":"info","event":"DAG bundles loaded: dags-folder, example_dags","logger":"airflow.dag_processing.bundles.manager.DagBundlesManager","filename":"manager.py","lineno":179}
{"timestamp":"2025-11-05T17:46:25.410246Z","level":"info","event":"Filling up the DagBag from /opt/airflow/dags/etl_dag.py","logger":"airflow.models.dagbag.DagBag","filename":"dagbag.py","lineno":593}
{"timestamp":"2025-11-05T17:46:25.437027Z","level":"warning","event":"The `airflow.operators.python.PythonOperator` attribute is deprecated. Please use `'airflow.providers.standard.operators.python.PythonOperator'`.","category":"DeprecatedImportWarning","filename":"/opt/airflow/dags/etl_dag.py","lineno":2,"logger":"py.warnings"}
{"timestamp":"2025-11-05T17:46:25.465535Z","level":"info","event":"Task instance is in running state","logger":"task.stdout"}
{"timestamp":"2025-11-05T17:46:25.466355Z","level":"info","event":" Previous state of the Task instance: TaskInstanceState.QUEUED","logger":"task.stdout"}
{"timestamp":"2025-11-05T17:46:25.467311Z","level":"info","event":"Current task name:transform","logger":"task.stdout"}
{"timestamp":"2025-11-05T17:46:25.468149Z","level":"info","event":"Dag name:etl_pipeline","logger":"task.stdout"}
{"timestamp":"2025-11-05T17:46:25.659715Z","level":"info","event":"            timestamp     low    open      high  ...  year  month  day  day_of_week","logger":"task.stdout"}
{"timestamp":"2025-11-05T17:46:25.662627Z","level":"info","event":"0 2025-11-04 11:40:00  299.38  299.73  299.8150  ...  2025     11    4      Tuesday","logger":"task.stdout"}
{"timestamp":"2025-11-05T17:46:25.663242Z","level":"info","event":"1 2025-11-04 11:45:00  299.70  299.70  300.1611  ...  2025     11    4      Tuesday","logger":"task.stdout"}
{"timestamp":"2025-11-05T17:46:25.663687Z","level":"info","event":"2 2025-11-04 11:50:00  299.55  299.84  300.4800  ...  2025     11    4      Tuesday","logger":"task.stdout"}
{"timestamp":"2025-11-05T17:46:25.664081Z","level":"info","event":"3 2025-11-04 11:55:00  300.08  300.48  300.5100  ...  2025     11    4      Tuesday","logger":"task.stdout"}
{"timestamp":"2025-11-05T17:46:25.664463Z","level":"info","event":"4 2025-11-04 12:00:00  300.00  300.25  300.3100  ...  2025     11    4      Tuesday","logger":"task.stdout"}
{"timestamp":"2025-11-05T17:46:25.665027Z","level":"info","event":"","logger":"task.stdout"}
{"timestamp":"2025-11-05T17:46:25.665502Z","level":"info","event":"[5 rows x 17 columns]","logger":"task.stdout"}
{"timestamp":"2025-11-05T17:46:25.675068Z","level":"info","event":"Done. Returned value was:              timestamp     low    open      high  ...  year  month  day  day_of_week\n0  2025-11-04 11:40:00  299.38  299.73  299.8150  ...  2025     11    4      Tuesday\n1  2025-11-04 11:45:00  299.70  299.70  300.1611  ...  2025     11    4      Tuesday\n2  2025-11-04 11:50:00  299.55  299.84  300.4800  ...  2025     11    4      Tuesday\n3  2025-11-04 11:55:00  300.08  300.48  300.5100  ...  2025     11    4      Tuesday\n4  2025-11-04 12:00:00  300.00  300.25  300.3100  ...  2025     11    4      Tuesday\n..                 ...     ...     ...       ...  ...   ...    ...  ...          ...\n95 2025-11-04 19:35:00  300.00  300.00  300.2600  ...  2025     11    4      Tuesday\n96 2025-11-04 19:40:00  299.52  300.00  300.2500  ...  2025     11    4      Tuesday\n97 2025-11-04 19:45:00  299.00  299.99  299.9900  ...  2025     11    4      Tuesday\n98 2025-11-04 19:50:00  298.20  298.20  299.0000  ...  2025     11    4      Tuesday\n99 2025-11-04 19:55:00  298.30  298.52  298.7300  ...  2025     11    4      Tuesday\n\n[100 rows x 17 columns]","logger":"airflow.task.operators.airflow.providers.standard.operators.python.PythonOperator","filename":"python.py","lineno":218}
{"timestamp":"2025-11-05T17:46:25.675382Z","level":"info","event":"Pushing xcom","ti":"RuntimeTaskInstance(id=UUID('019a5520-35ff-78b6-b232-e850fc84122f'), task_id='transform', dag_id='etl_pipeline', run_id='manual__2025-11-05T17:46:03+00:00', try_number=1, dag_version_id=UUID('019a551e-77f4-70c2-a1a9-36f60c747cf6'), map_index=-1, hostname='1fd37bf23830', context_carrier={}, task=<Task(PythonOperator): transform>, bundle_instance=LocalDagBundle(name=dags-folder), max_tries=1, start_date=datetime.datetime(2025, 11, 5, 17, 46, 24, 805475, tzinfo=datetime.timezone.utc), end_date=None, state=<TaskInstanceState.RUNNING: 'running'>, is_mapped=False, rendered_map_index=None)","logger":"task","filename":"task_runner.py","lineno":1352}
{"timestamp":"2025-11-05T17:46:25.891031Z","level":"info","event":"Task instance in success state","logger":"task.stdout"}
{"timestamp":"2025-11-05T17:46:25.892233Z","level":"info","event":" Previous state of the Task instance: TaskInstanceState.RUNNING","logger":"task.stdout"}
{"timestamp":"2025-11-05T17:46:25.893051Z","level":"info","event":"Task operator:<Task(PythonOperator): transform>","logger":"task.stdout"}
